<?xml version="1.0" encoding="UTF-8"?>
<!-- Generated by org.testng.reporters.JUnitReportReporter -->
<testsuite skipped="0" hostname="DESKTOP-I21VD96" name="com.FW_redBus.testCases.TC_SignUp_001_redBus" tests="2" failures="0" timestamp="07 Aug 2020 14:30:18 GMT" time="18.941" errors="0">
  <testcase name="signUp" time="7.848" classname="com.FW_redBus.testCases.TC_SignUp_001_redBus"/>
  <testcase name="closeWindow" time="11.093" classname="com.FW_redBus.testCases.TC_SignUp_001_redBus"/>
</testsuite> <!-- com.FW_redBus.testCases.TC_SignUp_001_redBus -->
