<?xml version="1.0" encoding="UTF-8"?>
<!-- Generated by org.testng.reporters.JUnitReportReporter -->
<testsuite skipped="0" hostname="DESKTOP-I21VD96" name="com.FW_redBus.testCases.TC_SignUp_001_redBus" tests="2" failures="0" timestamp="09 Aug 2020 11:24:20 GMT" time="31.737" errors="0">
  <testcase name="signUp" time="10.403" classname="com.FW_redBus.testCases.TC_SignUp_001_redBus"/>
  <testcase name="closeWindow" time="21.334" classname="com.FW_redBus.testCases.TC_SignUp_001_redBus"/>
</testsuite> <!-- com.FW_redBus.testCases.TC_SignUp_001_redBus -->
